Running on local URL:  http://0.0.0.0:8888
Running on public URL: https://e811c303b6789b19ab.gradio.live

This share link expires in 72 hours. For free permanent hosting and GPU upgrades, run `gradio deploy` from Terminal to deploy to Spaces (https://huggingface.co/spaces)
2024-10-07 13:58:50 | DEBUG | writer_agent:restart_session:43 - [history][writer_study]:
2024-10-07 13:59:15 | DEBUG | agent_base:chat_with_history:95 - [ChatBot][writer_study] 好的，散文是一种抒情性较强的文体，我们可以通过细腻的描写和深刻的思考来表达情感。接下来，我会引导你完成散文的写作。

首先，我们需要确定一个主题。你可以考虑一些你感兴趣的或有感触的事情，比如四季的变化、某个地方的美、或者某种情感的体验。你心中有没有什么主题想与我分享？或者我可以给你两个命题参考： 

1. 《秋天的怀念》
2. 《我心中的那片海》

你想要选择哪个主题呢？或者如果你有其他的想法也可以告诉我。
2024-10-07 13:59:15 | INFO | writer_tab:handle_writer:43 - [Vocab ChatBot]: 好的，散文是一种抒情性较强的文体，我们可以通过细腻的描写和深刻的思考来表达情感。接下来，我会引导你完成散文的写作。

首先，我们需要确定一个主题。你可以考虑一些你感兴趣的或有感触的事情，比如四季的变化、某个地方的美、或者某种情感的体验。你心中有没有什么主题想与我分享？或者我可以给你两个命题参考： 

1. 《秋天的怀念》
2. 《我心中的那片海》

你想要选择哪个主题呢？或者如果你有其他的想法也可以告诉我。
2024-10-07 13:59:54 | DEBUG | agent_base:chat_with_history:95 - [ChatBot][writer_study] 非常好，我们选择《秋天的怀念》这个主题。秋天是一个充满诗意的季节，既有丰收的喜悦，也有落叶的惆怅。接下来，我们将一步一步来构建这篇散文。

### 第一步：立意
首先，我们要明确这篇散文的立意。你觉得在《秋天的怀念》中，你想要传达什么样的情感或思想呢？例如，怀念过去的美好时光，或者感叹时间的流逝。请你写下你想要表达的核心思想。
2024-10-07 13:59:54 | INFO | writer_tab:handle_writer:43 - [Vocab ChatBot]: 非常好，我们选择《秋天的怀念》这个主题。秋天是一个充满诗意的季节，既有丰收的喜悦，也有落叶的惆怅。接下来，我们将一步一步来构建这篇散文。

### 第一步：立意
首先，我们要明确这篇散文的立意。你觉得在《秋天的怀念》中，你想要传达什么样的情感或思想呢？例如，怀念过去的美好时光，或者感叹时间的流逝。请你写下你想要表达的核心思想。
Running on local URL:  http://0.0.0.0:8888
Running on public URL: https://537b9711b2d701358b.gradio.live

This share link expires in 72 hours. For free permanent hosting and GPU upgrades, run `gradio deploy` from Terminal to deploy to Spaces (https://huggingface.co/spaces)
2024-10-07 14:07:11 | DEBUG | agent_base:chat_with_history:95 - [ChatBot][writer_study] 你好！我是峻喆老师，很高兴能和你一起进行作文写作的学习。首先，请你选择一个作文体裁：记叙文、议论文、说明文、散文，还是书信体？选择后我们将开始写作流程的设计！
2024-10-07 14:07:11 | INFO | writer_tab:handle_writer:43 - [Vocab ChatBot]: 你好！我是峻喆老师，很高兴能和你一起进行作文写作的学习。首先，请你选择一个作文体裁：记叙文、议论文、说明文、散文，还是书信体？选择后我们将开始写作流程的设计！
Running on local URL:  http://0.0.0.0:8888
Running on public URL: https://99517e7cdfda7260a2.gradio.live

This share link expires in 72 hours. For free permanent hosting and GPU upgrades, run `gradio deploy` from Terminal to deploy to Spaces (https://huggingface.co/spaces)
2024-10-07 14:20:25 | DEBUG | writer_agent:restart_session:43 - [history][writer_study]:
2024-10-07 14:20:38 | DEBUG | writer_agent:restart_session:43 - [history][writer_study]:
2024-10-07 14:20:38 | DEBUG | writer_agent:restart_session:43 - [history][writer_study]:
2024-10-07 14:20:39 | DEBUG | writer_agent:restart_session:43 - [history][writer_study]:
2024-10-07 14:20:39 | DEBUG | writer_agent:restart_session:43 - [history][writer_study]:
2024-10-07 14:20:40 | DEBUG | writer_agent:restart_session:43 - [history][writer_study]:
2024-10-07 14:20:40 | DEBUG | writer_agent:restart_session:43 - [history][writer_study]:
2024-10-07 14:20:41 | DEBUG | writer_agent:restart_session:43 - [history][writer_study]:
2024-10-07 14:20:45 | DEBUG | writer_agent:restart_session:43 - [history][writer_study]:
2024-10-07 14:20:47 | DEBUG | writer_agent:restart_session:43 - [history][writer_study]:
2024-10-07 14:20:49 | DEBUG | writer_agent:restart_session:43 - [history][writer_study]:
2024-10-07 14:20:51 | DEBUG | writer_agent:restart_session:43 - [history][writer_study]:
2024-10-07 14:20:52 | DEBUG | writer_agent:restart_session:43 - [history][writer_study]:
2024-10-07 14:20:53 | DEBUG | writer_agent:restart_session:43 - [history][writer_study]:
2024-10-07 14:20:54 | DEBUG | writer_agent:restart_session:43 - [history][writer_study]:
2024-10-07 14:20:57 | DEBUG | writer_agent:restart_session:43 - [history][writer_study]:
2024-10-07 14:20:59 | DEBUG | writer_agent:restart_session:43 - [history][writer_study]:
2024-10-07 14:21:00 | DEBUG | writer_agent:restart_session:43 - [history][writer_study]:
2024-10-07 14:21:00 | DEBUG | writer_agent:restart_session:43 - [history][writer_study]:
2024-10-07 14:21:01 | DEBUG | writer_agent:restart_session:43 - [history][writer_study]:
2024-10-07 14:21:12 | DEBUG | agent_base:chat_with_history:95 - [ChatBot][writer_study] 看起来你的信息有点混乱，不过没关系！我们可以先专注于选择一个作文体裁。请告诉我你想写的内容，比如你是想写一个关于护肤的方法，还是想分享一些生活小技巧？这样我能帮助你选择一个合适的作文体裁。
2024-10-07 14:21:12 | INFO | writer_tab:handle_writer:43 - [Vocab ChatBot]: 看起来你的信息有点混乱，不过没关系！我们可以先专注于选择一个作文体裁。请告诉我你想写的内容，比如你是想写一个关于护肤的方法，还是想分享一些生活小技巧？这样我能帮助你选择一个合适的作文体裁。
Running on local URL:  http://0.0.0.0:8888
Running on public URL: https://0e19d3d25cc73c6f63.gradio.live

This share link expires in 72 hours. For free permanent hosting and GPU upgrades, run `gradio deploy` from Terminal to deploy to Spaces (https://huggingface.co/spaces)
2024-10-07 15:38:43 | DEBUG | writer_agent:restart_session:43 - [history][writer_study]:
2024-10-07 15:39:36 | DEBUG | writer_agent:restart_session:43 - [history][writer_study]:
WARNING:  Invalid HTTP request received.
WARNING:  Invalid HTTP request received.
2024-10-07 15:39:59 | DEBUG | agent_base:chat_with_history:95 - [ChatBot][writer_study] 好的！书信是一个非常有趣的体裁，能够表达个人的情感和思想。我们从以下几个步骤来进行书信的写作练习。

### 写作流程设计（书信体）：

1. **确定写信的对象**：
   - 你想给谁写信呢？可以是朋友、家人、老师或者其他人。
   
2. **确定写信的目的**：
   - 你写这封信是为了什么？是问候、感谢、道歉还是分享一些事情？

3. **选择信的开头**：
   - 开头通常需要称呼对象。你打算用什么称呼？例如：“亲爱的XXX”或“尊敬的XXX”。

4. **引入正文第一部分**：
   - 在信的开头部分，你可以简单问候或表达关心。你想说什么呢？

5. **正文内容安排**：
   - 这里可以分成几个小段落：第一段描述事情的背景，第二段叙述事情的经过，第三段表达自己的感受。你想写哪些内容？

6. **具体细节描写**：
   - 在正文中可以加入一些具体的细节，让信更加生动。请想想有哪些细节可以加入。

7. **引入正文第二部分**：
   - 在这里你可以分享一些个人的想法或建议。你有什么想法要分享？

8. **总结段落**：
   - 这部分通常是信的总结，可能是一些祝福或者希望。你打算怎么总结？

9. **选择信的结束语**：
   - 结束语是信的最后一句话，通常要体现出对收信人的关心。你想用什么结束语？

10. **签名**：
    - 最后要签上你的名字，这样能让信显得更加正式。你要写上你的名字吗？

11. **检查语法和拼写**：
    - 写完之后，检查一下有没有语法错误或拼写错误。你觉得重要吗？

12. **格式要求**：
    - 书信的格式也是很重要的，确保你的信看起来规整。你会注意这一点吗？

13. **写作风格**：
    - 书信的风格要亲切自然，别太正式。你觉得怎样的风格适合你写的这封信？

14. **回顾信件内容**：
    - 在完成草稿后，回头再看一遍，看看有没有需要修改的地方。你觉得这样有帮助吗？

15. **反思与总结**：
    - 最后，写信之后要反思一下，这个过程对你的写作能力有什么提升？ 

### 参考命题：
1. 写一封给好朋友的信，分享你最近的一次有趣经历。
2. 写一封给父母的信，表达你对他们的感谢和思念。

现在，请先告诉我，你想给谁写信，写信的目的是什么？
2024-10-07 15:39:59 | INFO | writer_tab:handle_writer:43 - [Vocab ChatBot]: 好的！书信是一个非常有趣的体裁，能够表达个人的情感和思想。我们从以下几个步骤来进行书信的写作练习。

### 写作流程设计（书信体）：

1. **确定写信的对象**：
   - 你想给谁写信呢？可以是朋友、家人、老师或者其他人。
   
2. **确定写信的目的**：
   - 你写这封信是为了什么？是问候、感谢、道歉还是分享一些事情？

3. **选择信的开头**：
   - 开头通常需要称呼对象。你打算用什么称呼？例如：“亲爱的XXX”或“尊敬的XXX”。

4. **引入正文第一部分**：
   - 在信的开头部分，你可以简单问候或表达关心。你想说什么呢？

5. **正文内容安排**：
   - 这里可以分成几个小段落：第一段描述事情的背景，第二段叙述事情的经过，第三段表达自己的感受。你想写哪些内容？

6. **具体细节描写**：
   - 在正文中可以加入一些具体的细节，让信更加生动。请想想有哪些细节可以加入。

7. **引入正文第二部分**：
   - 在这里你可以分享一些个人的想法或建议。你有什么想法要分享？

8. **总结段落**：
   - 这部分通常是信的总结，可能是一些祝福或者希望。你打算怎么总结？

9. **选择信的结束语**：
   - 结束语是信的最后一句话，通常要体现出对收信人的关心。你想用什么结束语？

10. **签名**：
    - 最后要签上你的名字，这样能让信显得更加正式。你要写上你的名字吗？

11. **检查语法和拼写**：
    - 写完之后，检查一下有没有语法错误或拼写错误。你觉得重要吗？

12. **格式要求**：
    - 书信的格式也是很重要的，确保你的信看起来规整。你会注意这一点吗？

13. **写作风格**：
    - 书信的风格要亲切自然，别太正式。你觉得怎样的风格适合你写的这封信？

14. **回顾信件内容**：
    - 在完成草稿后，回头再看一遍，看看有没有需要修改的地方。你觉得这样有帮助吗？

15. **反思与总结**：
    - 最后，写信之后要反思一下，这个过程对你的写作能力有什么提升？ 

### 参考命题：
1. 写一封给好朋友的信，分享你最近的一次有趣经历。
2. 写一封给父母的信，表达你对他们的感谢和思念。

现在，请先告诉我，你想给谁写信，写信的目的是什么？
2024-10-07 15:40:35 | DEBUG | writer_agent:restart_session:43 - [history][writer_study]:
Running on local URL:  http://0.0.0.0:8888
Running on public URL: https://21db2e1fcb4ef76940.gradio.live

This share link expires in 72 hours. For free permanent hosting and GPU upgrades, run `gradio deploy` from Terminal to deploy to Spaces (https://huggingface.co/spaces)
2024-10-07 16:33:54 | DEBUG | writer_agent:restart_session:43 - [history][writer_study]:
2024-10-07 16:34:09 | DEBUG | agent_base:chat_with_history:95 - [ChatBot][writer_study] 太好了，我们来写一篇说明文。说明文的目的是清晰地介绍某一事物或现象，让读者了解其特征、构造、功能等。

首先，我们需要确定说明的主题。你有没有想要说明的事物或现象呢？可以是一些自然现象、科技产品、生活常识等。请给我两个你感兴趣的主题。
2024-10-07 16:34:09 | INFO | writer_tab:handle_writer:43 - [Writer ChatBot]: 太好了，我们来写一篇说明文。说明文的目的是清晰地介绍某一事物或现象，让读者了解其特征、构造、功能等。

首先，我们需要确定说明的主题。你有没有想要说明的事物或现象呢？可以是一些自然现象、科技产品、生活常识等。请给我两个你感兴趣的主题。
ERROR:    Exception in ASGI application
Traceback (most recent call last):
  File "/root/anaconda3/envs/lm/lib/python3.11/site-packages/starlette/responses.py", line 257, in __call__
    await wrap(partial(self.listen_for_disconnect, receive))
  File "/root/anaconda3/envs/lm/lib/python3.11/site-packages/starlette/responses.py", line 253, in wrap
    await func()
  File "/root/anaconda3/envs/lm/lib/python3.11/site-packages/starlette/responses.py", line 230, in listen_for_disconnect
    message = await receive()
              ^^^^^^^^^^^^^^^
  File "/root/anaconda3/envs/lm/lib/python3.11/site-packages/uvicorn/protocols/http/h11_impl.py", line 534, in receive
    await self.message_event.wait()
  File "/root/anaconda3/envs/lm/lib/python3.11/asyncio/locks.py", line 213, in wait
    await fut
asyncio.exceptions.CancelledError: Cancelled by cancel scope 7f9a37d48f10

During handling of the above exception, another exception occurred:

  + Exception Group Traceback (most recent call last):
  |   File "/root/anaconda3/envs/lm/lib/python3.11/site-packages/uvicorn/protocols/http/h11_impl.py", line 406, in run_asgi
  |     result = await app(  # type: ignore[func-returns-value]
  |              ^^^^^^^^^^^^^^^^^^^^^^^^^^^^^^^^^^^^^^^^^^^^^^
  |   File "/root/anaconda3/envs/lm/lib/python3.11/site-packages/uvicorn/middleware/proxy_headers.py", line 60, in __call__
  |     return await self.app(scope, receive, send)
  |            ^^^^^^^^^^^^^^^^^^^^^^^^^^^^^^^^^^^^
  |   File "/root/anaconda3/envs/lm/lib/python3.11/site-packages/fastapi/applications.py", line 1054, in __call__
  |     await super().__call__(scope, receive, send)
  |   File "/root/anaconda3/envs/lm/lib/python3.11/site-packages/starlette/applications.py", line 113, in __call__
  |     await self.middleware_stack(scope, receive, send)
  |   File "/root/anaconda3/envs/lm/lib/python3.11/site-packages/starlette/middleware/errors.py", line 187, in __call__
  |     raise exc
  |   File "/root/anaconda3/envs/lm/lib/python3.11/site-packages/starlette/middleware/errors.py", line 165, in __call__
  |     await self.app(scope, receive, _send)
  |   File "/root/anaconda3/envs/lm/lib/python3.11/site-packages/gradio/route_utils.py", line 760, in __call__
  |     await self.app(scope, receive, send)
  |   File "/root/anaconda3/envs/lm/lib/python3.11/site-packages/starlette/middleware/exceptions.py", line 62, in __call__
  |     await wrap_app_handling_exceptions(self.app, conn)(scope, receive, send)
  |   File "/root/anaconda3/envs/lm/lib/python3.11/site-packages/starlette/_exception_handler.py", line 62, in wrapped_app
  |     raise exc
  |   File "/root/anaconda3/envs/lm/lib/python3.11/site-packages/starlette/_exception_handler.py", line 51, in wrapped_app
  |     await app(scope, receive, sender)
  |   File "/root/anaconda3/envs/lm/lib/python3.11/site-packages/starlette/routing.py", line 715, in __call__
  |     await self.middleware_stack(scope, receive, send)
  |   File "/root/anaconda3/envs/lm/lib/python3.11/site-packages/starlette/routing.py", line 735, in app
  |     await route.handle(scope, receive, send)
  |   File "/root/anaconda3/envs/lm/lib/python3.11/site-packages/starlette/routing.py", line 288, in handle
  |     await self.app(scope, receive, send)
  |   File "/root/anaconda3/envs/lm/lib/python3.11/site-packages/starlette/routing.py", line 76, in app
  |     await wrap_app_handling_exceptions(app, request)(scope, receive, send)
  |   File "/root/anaconda3/envs/lm/lib/python3.11/site-packages/starlette/_exception_handler.py", line 62, in wrapped_app
  |     raise exc
  |   File "/root/anaconda3/envs/lm/lib/python3.11/site-packages/starlette/_exception_handler.py", line 51, in wrapped_app
  |     await app(scope, receive, sender)
  |   File "/root/anaconda3/envs/lm/lib/python3.11/site-packages/starlette/routing.py", line 74, in app
  |     await response(scope, receive, send)
  |   File "/root/anaconda3/envs/lm/lib/python3.11/site-packages/starlette/responses.py", line 250, in __call__
  |     async with anyio.create_task_group() as task_group:
  |   File "/root/anaconda3/envs/lm/lib/python3.11/site-packages/anyio/_backends/_asyncio.py", line 736, in __aexit__
  |     raise BaseExceptionGroup(
  | ExceptionGroup: unhandled errors in a TaskGroup (1 sub-exception)
  +-+---------------- 1 ----------------
    | Traceback (most recent call last):
    |   File "/root/anaconda3/envs/lm/lib/python3.11/site-packages/starlette/responses.py", line 253, in wrap
    |     await func()
    |   File "/root/anaconda3/envs/lm/lib/python3.11/site-packages/starlette/responses.py", line 242, in stream_response
    |     async for chunk in self.body_iterator:
    |   File "/root/anaconda3/envs/lm/lib/python3.11/site-packages/gradio/routes.py", line 1007, in sse_stream
    |     raise e
    |   File "/root/anaconda3/envs/lm/lib/python3.11/site-packages/gradio/routes.py", line 942, in sse_stream
    |     raise HTTPException(
    | fastapi.exceptions.HTTPException: 404: Session not found.
    +------------------------------------
2024-10-07 16:34:44 | DEBUG | agent_base:chat_with_history:95 - [ChatBot][writer_study] 很好，科技产品是一个很有趣的主题。我们可以选择两个科技产品来说明。以下是两个建议：

1. 智能手机
2. 电子书阅读器

请你选择其中一个作为我们说明文的主题，或者如果你有其他科技产品的想法，也可以告诉我！
2024-10-07 16:34:44 | INFO | writer_tab:handle_writer:43 - [Writer ChatBot]: 很好，科技产品是一个很有趣的主题。我们可以选择两个科技产品来说明。以下是两个建议：

1. 智能手机
2. 电子书阅读器

请你选择其中一个作为我们说明文的主题，或者如果你有其他科技产品的想法，也可以告诉我！
2024-10-07 16:35:05 | DEBUG | agent_base:chat_with_history:95 - [ChatBot][writer_study] 好的，我们将以“科技产品”作为主题，但我们需要确定一个具体的产品来进行详细说明。请从以下两个例子中选择一个，或者告诉我你想要说明的具体科技产品：

1. 智能手机
2. 电子书阅读器

你想选择哪个呢？或者你有其他想法？
2024-10-07 16:35:05 | INFO | writer_tab:handle_writer:43 - [Writer ChatBot]: 好的，我们将以“科技产品”作为主题，但我们需要确定一个具体的产品来进行详细说明。请从以下两个例子中选择一个，或者告诉我你想要说明的具体科技产品：

1. 智能手机
2. 电子书阅读器

你想选择哪个呢？或者你有其他想法？
2024-10-07 16:35:25 | DEBUG | writer_agent:restart_session:43 - [history][writer_study]:
2024-10-07 16:35:56 | DEBUG | writer_agent:restart_session:43 - [history][writer_study]:
2024-10-07 16:36:07 | DEBUG | agent_base:chat_with_history:95 - [ChatBot][writer_study] 好的，说明文是一种主要通过解释、描述和说明事物的文体，通常用于介绍对象、现象或过程。

我们先从立意开始。你想写一篇关于什么主题的说明文呢？可以是某种物品、一个现象或一个过程。请告诉我你的想法。
2024-10-07 16:36:07 | INFO | writer_tab:handle_writer:43 - [Writer ChatBot]: 好的，说明文是一种主要通过解释、描述和说明事物的文体，通常用于介绍对象、现象或过程。

我们先从立意开始。你想写一篇关于什么主题的说明文呢？可以是某种物品、一个现象或一个过程。请告诉我你的想法。
2024-10-07 16:36:24 | DEBUG | agent_base:chat_with_history:95 - [ChatBot][writer_study] 很好，现象是一个很好的主题选择。请问你想说明的具体现象是什么呢？可以是自然现象、社会现象或者其他的。请简要描述一下。
2024-10-07 16:36:24 | INFO | writer_tab:handle_writer:43 - [Writer ChatBot]: 很好，现象是一个很好的主题选择。请问你想说明的具体现象是什么呢？可以是自然现象、社会现象或者其他的。请简要描述一下。
2024-10-07 16:36:47 | DEBUG | agent_base:chat_with_history:95 - [ChatBot][writer_study] 好的，社会现象这个主题可以很广泛。那么你具体想说明哪一种社会现象呢？比如说网络成瘾、共享经济、校园欺凌等。请告诉我你的选择。
2024-10-07 16:36:47 | INFO | writer_tab:handle_writer:43 - [Writer ChatBot]: 好的，社会现象这个主题可以很广泛。那么你具体想说明哪一种社会现象呢？比如说网络成瘾、共享经济、校园欺凌等。请告诉我你的选择。
WARNING:  Invalid HTTP request received.
WARNING:  Invalid HTTP request received.
WARNING:  Invalid HTTP request received.
WARNING:  Invalid HTTP request received.
WARNING:  Invalid HTTP request received.
WARNING:  Invalid HTTP request received.
WARNING:  Invalid HTTP request received.
WARNING:  Invalid HTTP request received.
WARNING:  Invalid HTTP request received.
WARNING:  Invalid HTTP request received.
WARNING:  Invalid HTTP request received.
WARNING:  Invalid HTTP request received.
WARNING:  Invalid HTTP request received.
WARNING:  Invalid HTTP request received.
WARNING:  Invalid HTTP request received.
Running on local URL:  http://0.0.0.0:8888
Running on public URL: https://403cce3bc923cecf23.gradio.live

This share link expires in 72 hours. For free permanent hosting and GPU upgrades, run `gradio deploy` from Terminal to deploy to Spaces (https://huggingface.co/spaces)
2024-10-08 09:43:17 | DEBUG | agent_base:chat_with_history:95 - [ChatBot][writer_study] 你好！很高兴和你交流。今天我们可以一起练习写作文。你想写哪种体裁的作文呢？我们有记叙文、议论文、说明文、散文和书信体可供选择。请告诉我你的选择！
2024-10-08 09:43:17 | INFO | writer_tab:handle_writer:43 - [Writer ChatBot]: 你好！很高兴和你交流。今天我们可以一起练习写作文。你想写哪种体裁的作文呢？我们有记叙文、议论文、说明文、散文和书信体可供选择。请告诉我你的选择！
2024-10-08 09:44:16 | DEBUG | agent_base:chat_with_history:95 - [ChatBot][writer_study] 我是文老师，一位专注于帮助学生提升作文写作能力的老师。我通过耐心的指导和互动来帮助你构思和完成作文。你有什么想要了解或讨论的呢？比如作文的体裁选择？
2024-10-08 09:44:16 | INFO | writer_tab:handle_writer:43 - [Writer ChatBot]: 我是文老师，一位专注于帮助学生提升作文写作能力的老师。我通过耐心的指导和互动来帮助你构思和完成作文。你有什么想要了解或讨论的呢？比如作文的体裁选择？
2024-10-08 09:44:46 | DEBUG | writer_agent:restart_session:43 - [history][writer_study]:
Running on local URL:  http://0.0.0.0:8888

Thanks for being a Gradio user! If you have questions or feedback, please join our Discord server and chat with us: https://discord.gg/feTf9x3ZSB

To create a public link, set `share=True` in `launch()`.
2024-10-08 10:29:24 | DEBUG | writer_agent:restart_session:43 - [history][writer_study]:
2024-10-08 10:30:14 | DEBUG | agent_base:chat_with_history:95 - [ChatBot][writer_study] 好的，我们来写议论文。议论文通常需要清晰的论点和有力的论据，结构也很重要。我们将通过15轮对话逐步完成这篇议论文。

首先，我们来选择一个主题。以下是两个命题参考：

1. "教育的重要性: 学习不仅仅是获取知识"
2. "环保责任: 每个人都应该为地球尽一份力"

你更喜欢哪个主题？或者你有其他想法吗？
2024-10-08 10:30:14 | INFO | writer_tab:handle_writer:43 - [Writer ChatBot]: 好的，我们来写议论文。议论文通常需要清晰的论点和有力的论据，结构也很重要。我们将通过15轮对话逐步完成这篇议论文。

首先，我们来选择一个主题。以下是两个命题参考：

1. "教育的重要性: 学习不仅仅是获取知识"
2. "环保责任: 每个人都应该为地球尽一份力"

你更喜欢哪个主题？或者你有其他想法吗？
WARNING:  Invalid HTTP request received.
WARNING:  Invalid HTTP request received.
WARNING:  Invalid HTTP request received.
2024-10-08 20:44:09 | DEBUG | writer_agent:restart_session:43 - [history][writer_study]:
2024-10-08 20:44:14 | DEBUG | writer_agent:restart_session:43 - [history][writer_study]:
2024-10-08 20:44:40 | DEBUG | agent_base:chat_with_history:95 - [ChatBot][writer_study] 好的，解开家庭矛盾是一个很有意义的主题，我们可以用说明文的形式来探讨这个问题。说明文主要是为了传达信息和解释事物，通常包括以下几个部分：引言、正文和结尾。

首先，我们来确定一下这篇说明文的立意。你认为解开家庭矛盾的重要性在哪里呢？请说说你的看法。
2024-10-08 20:44:40 | INFO | writer_tab:handle_writer:43 - [Writer ChatBot]: 好的，解开家庭矛盾是一个很有意义的主题，我们可以用说明文的形式来探讨这个问题。说明文主要是为了传达信息和解释事物，通常包括以下几个部分：引言、正文和结尾。

首先，我们来确定一下这篇说明文的立意。你认为解开家庭矛盾的重要性在哪里呢？请说说你的看法。
2024-10-08 20:44:55 | DEBUG | agent_base:chat_with_history:95 - [ChatBot][writer_study] 很好，解开家庭矛盾的内容可以包括：

1. 家庭矛盾的常见原因（比如沟通不畅、价值观差异等）。
2. 解决家庭矛盾的有效方法（例如，倾听、理解对方、寻求专业帮助等）。
3. 家庭和谐的重要性对个体和社会的影响。

你觉得这些内容怎么样？你是不是也想从某个特定的方面入手，比如说解决方法或者矛盾的原因？请分享你的想法！
2024-10-08 20:44:55 | INFO | writer_tab:handle_writer:43 - [Writer ChatBot]: 很好，解开家庭矛盾的内容可以包括：

1. 家庭矛盾的常见原因（比如沟通不畅、价值观差异等）。
2. 解决家庭矛盾的有效方法（例如，倾听、理解对方、寻求专业帮助等）。
3. 家庭和谐的重要性对个体和社会的影响。

你觉得这些内容怎么样？你是不是也想从某个特定的方面入手，比如说解决方法或者矛盾的原因？请分享你的想法！
WARNING:  Invalid HTTP request received.
WARNING:  Invalid HTTP request received.
WARNING:  Invalid HTTP request received.
WARNING:  Invalid HTTP request received.
WARNING:  Invalid HTTP request received.
WARNING:  Invalid HTTP request received.
WARNING:  Invalid HTTP request received.
WARNING:  Invalid HTTP request received.
WARNING:  Invalid HTTP request received.
WARNING:  Invalid HTTP request received.
WARNING:  Invalid HTTP request received.
WARNING:  Invalid HTTP request received.
WARNING:  Invalid HTTP request received.
WARNING:  Invalid HTTP request received.
